<?xml version="1.0" encoding="UTF-8"?>
<!-- Generated by org.testng.reporters.JUnitXMLReporter -->
<testsuite ignored="0" hostname="DESKTOP-QK4GHTB" failures="0" tests="1" name="Test-1" time="15.11" errors="0" timestamp="2023-01-28T19:08:41 IST">
  <testcase classname="CrossBrowsing.TestDemo" name="titleCheck" time="14.883"/>
</testsuite> <!-- Test-1 -->
